<?xml version="1.0" encoding="UTF-8"?>
<!-- Generated by org.testng.reporters.JUnitReportReporter -->
<testsuite hostname="MSI" failures="0" tests="1" name="runner.TestRunner" time="19.058" errors="0" timestamp="2021-07-04T07:06:50 IST" skipped="0">
  <testcase classname="runner.TestRunner" name="runScenario" time="19.058"/>
  <system-out/>
</testsuite> <!-- runner.TestRunner -->
